Determining if the pthread_create exist failed with the following output:
Change Dir: /home/domagalsky/Projects/SIK/WorldOfTankzClinet/cmake-build-debug/CMakeFiles/CMakeTmp

Run Build Command:"/usr/bin/make" "cmTC_53ff8/fast"
/usr/bin/make -f CMakeFiles/cmTC_53ff8.dir/build.make CMakeFiles/cmTC_53ff8.dir/build
make[1]: Entering directory '/home/domagalsky/Projects/SIK/WorldOfTankzClinet/cmake-build-debug/CMakeFiles/CMakeTmp'
Building C object CMakeFiles/cmTC_53ff8.dir/CheckSymbolExists.c.o
/usr/bin/cc     -o CMakeFiles/cmTC_53ff8.dir/CheckSymbolExists.c.o   -c /home/domagalsky/Projects/SIK/WorldOfTankzClinet/cmake-build-debug/CMakeFiles/CMakeTmp/CheckSymbolExists.c
Linking C executable cmTC_53ff8
/usr/lib/clion-2017.1.1/bin/cmake/bin/cmake -E cmake_link_script CMakeFiles/cmTC_53ff8.dir/link.txt --verbose=1
/usr/bin/cc       CMakeFiles/cmTC_53ff8.dir/CheckSymbolExists.c.o  -o cmTC_53ff8 
CMakeFiles/cmTC_53ff8.dir/CheckSymbolExists.c.o: In function `main':
CheckSymbolExists.c:(.text+0x16): undefined reference to `pthread_create'
collect2: error: ld returned 1 exit status
CMakeFiles/cmTC_53ff8.dir/build.make:97: recipe for target 'cmTC_53ff8' failed
make[1]: *** [cmTC_53ff8] Error 1
make[1]: Leaving directory '/home/domagalsky/Projects/SIK/WorldOfTankzClinet/cmake-build-debug/CMakeFiles/CMakeTmp'
Makefile:126: recipe for target 'cmTC_53ff8/fast' failed
make: *** [cmTC_53ff8/fast] Error 2

File /home/domagalsky/Projects/SIK/WorldOfTankzClinet/cmake-build-debug/CMakeFiles/CMakeTmp/CheckSymbolExists.c:
/* */
#include <pthread.h>

int main(int argc, char** argv)
{
  (void)argv;
#ifndef pthread_create
  return ((int*)(&pthread_create))[argc];
#else
  (void)argc;
  return 0;
#endif
}

Determining if the function pthread_create exists in the pthreads failed with the following output:
Change Dir: /home/domagalsky/Projects/SIK/WorldOfTankzClinet/cmake-build-debug/CMakeFiles/CMakeTmp

Run Build Command:"/usr/bin/make" "cmTC_43f31/fast"
/usr/bin/make -f CMakeFiles/cmTC_43f31.dir/build.make CMakeFiles/cmTC_43f31.dir/build
make[1]: Entering directory '/home/domagalsky/Projects/SIK/WorldOfTankzClinet/cmake-build-debug/CMakeFiles/CMakeTmp'
Building C object CMakeFiles/cmTC_43f31.dir/CheckFunctionExists.c.o
/usr/bin/cc    -DCHECK_FUNCTION_EXISTS=pthread_create   -o CMakeFiles/cmTC_43f31.dir/CheckFunctionExists.c.o   -c /usr/lib/clion-2017.1.1/bin/cmake/share/cmake-3.7/Modules/CheckFunctionExists.c
Linking C executable cmTC_43f31
/usr/lib/clion-2017.1.1/bin/cmake/bin/cmake -E cmake_link_script CMakeFiles/cmTC_43f31.dir/link.txt --verbose=1
/usr/bin/cc   -DCHECK_FUNCTION_EXISTS=pthread_create    CMakeFiles/cmTC_43f31.dir/CheckFunctionExists.c.o  -o cmTC_43f31 -lpthreads 
/usr/bin/ld: cannot find -lpthreads
collect2: error: ld returned 1 exit status
CMakeFiles/cmTC_43f31.dir/build.make:97: recipe for target 'cmTC_43f31' failed
make[1]: *** [cmTC_43f31] Error 1
make[1]: Leaving directory '/home/domagalsky/Projects/SIK/WorldOfTankzClinet/cmake-build-debug/CMakeFiles/CMakeTmp'
Makefile:126: recipe for target 'cmTC_43f31/fast' failed
make: *** [cmTC_43f31/fast] Error 2


